android/app/build/intermediates/manifest_merge_blame_file/release/manifest-merger-blame-release-report.txt
1<?xml version="1.0" encoding="utf-8"?>
2<manifest xmlns:android="http://schemas.android.com/apk/res/android"
3    package="com.landchat"
4    android:versionCode="1"
5    android:versionName="1.0" >
6
7    <uses-sdk
8        android:minSdkVersion="21"
8-->src\main\AndroidManifest.xml
9        android:targetSdkVersion="29" />
9-->src\main\AndroidManifest.xml
10
11    <uses-permission android:name="android.permission.INTERNET" />
11-->src\main\AndroidManifest.xml:4:5-67
11-->src\main\AndroidManifest.xml:4:22-64
12    <uses-permission android:name="android.permission.CAMERA" />
12-->src\main\AndroidManifest.xml:5:5-65
12-->src\main\AndroidManifest.xml:5:22-62
13    <uses-permission android:name="android.permission.WRITE_EXTERNAL_STORAGE" />
13-->src\main\AndroidManifest.xml:6:5-80
13-->src\main\AndroidManifest.xml:6:22-78
14    <uses-permission android:name="android.permission.WAKE_LOCK" />
14-->[notifee_core_release.aar] AndroidManifest.xml:11:5-68
14-->[notifee_core_release.aar] AndroidManifest.xml:11:22-65
15    <uses-permission android:name="android.permission.ACCESS_NETWORK_STATE" />
15-->[notifee_core_release.aar] AndroidManifest.xml:12:5-79
15-->[notifee_core_release.aar] AndroidManifest.xml:12:22-76
16    <uses-permission android:name="android.permission.RECEIVE_BOOT_COMPLETED" />
16-->[notifee_core_release.aar] AndroidManifest.xml:13:5-81
16-->[notifee_core_release.aar] AndroidManifest.xml:13:22-78
17    <uses-permission android:name="android.permission.VIBRATE" />
17-->[notifee_core_release.aar] AndroidManifest.xml:14:5-66
17-->[notifee_core_release.aar] AndroidManifest.xml:14:22-63
18    <uses-permission android:name="android.permission.FOREGROUND_SERVICE" />
18-->[notifee_core_release.aar] AndroidManifest.xml:16:5-77
18-->[notifee_core_release.aar] AndroidManifest.xml:16:22-74
19    <uses-permission android:name="android.permission.ACCESS_WIFI_STATE" /> <!-- TODO(salakar) Not sure if this should be part of the package manifest or leave to users app manifest code? -->
19-->[:react-native-community_netinfo] AndroidManifest.xml:10:5-76
19-->[:react-native-community_netinfo] AndroidManifest.xml:10:22-73
20    <uses-permission android:name="android.permission.READ_EXTERNAL_STORAGE" />
20-->[:react-native-firebase_storage] AndroidManifest.xml:15:5-80
20-->[:react-native-firebase_storage] AndroidManifest.xml:15:22-77
21
22    <application
22-->src\main\AndroidManifest.xml:8:5-28:19
23        android:name="com.landchat.MainApplication"
23-->src\main\AndroidManifest.xml:9:7-38
24        android:allowBackup="false"
24-->src\main\AndroidManifest.xml:13:7-34
25        android:appComponentFactory="androidx.core.app.CoreComponentFactory"
25-->[androidx.core:core:1.3.2] AndroidManifest.xml:24:18-86
26        android:icon="@mipmap/chat"
26-->src\main\AndroidManifest.xml:11:7-34
27        android:label="@string/app_name"
27-->src\main\AndroidManifest.xml:10:7-39
28        android:roundIcon="@mipmap/chat"
28-->src\main\AndroidManifest.xml:12:7-39
29        android:theme="@style/AppTheme"
29-->src\main\AndroidManifest.xml:15:7-38
30        android:usesCleartextTraffic="true" >
30-->src\main\AndroidManifest.xml:14:7-42
31        <activity
31-->src\main\AndroidManifest.xml:16:7-26:18
32            android:name="com.landchat.MainActivity"
32-->src\main\AndroidManifest.xml:17:9-37
33            android:configChanges="keyboard|keyboardHidden|orientation|screenSize|uiMode"
33-->src\main\AndroidManifest.xml:19:9-86
34            android:label="@string/app_name"
34-->src\main\AndroidManifest.xml:18:9-41
35            android:launchMode="singleTask"
35-->src\main\AndroidManifest.xml:20:9-40
36            android:windowSoftInputMode="adjustResize" >
36-->src\main\AndroidManifest.xml:21:9-51
37            <intent-filter>
37-->src\main\AndroidManifest.xml:22:9-25:25
38                <action android:name="android.intent.action.MAIN" />
38-->src\main\AndroidManifest.xml:23:13-65
38-->src\main\AndroidManifest.xml:23:21-62
39
40                <category android:name="android.intent.category.LAUNCHER" />
40-->src\main\AndroidManifest.xml:24:13-73
40-->src\main\AndroidManifest.xml:24:23-70
41            </intent-filter>
42        </activity>
43        <activity android:name="com.facebook.react.devsupport.DevSettingsActivity" />
43-->src\main\AndroidManifest.xml:27:7-84
43-->src\main\AndroidManifest.xml:27:17-81
44
45        <provider
45-->[:react-native-image-picker] AndroidManifest.xml:10:9-18:20
46            android:name="com.imagepicker.FileProvider"
46-->[:react-native-image-picker] AndroidManifest.xml:11:13-56
47            android:authorities="com.landchat.provider"
47-->[:react-native-image-picker] AndroidManifest.xml:12:13-60
48            android:exported="false"
48-->[:react-native-image-picker] AndroidManifest.xml:13:13-37
49            android:grantUriPermissions="true" >
49-->[:react-native-image-picker] AndroidManifest.xml:14:13-47
50            <meta-data
50-->[:react-native-image-picker] AndroidManifest.xml:15:13-17:58
51                android:name="android.support.FILE_PROVIDER_PATHS"
51-->[:react-native-image-picker] AndroidManifest.xml:16:17-67
52                android:resource="@xml/provider_paths" />
52-->[:react-native-image-picker] AndroidManifest.xml:17:17-55
53        </provider>
54        <provider
54-->[:notifee_react-native] AndroidManifest.xml:12:9-16:40
55            android:name="io.invertase.notifee.NotifeeInitProvider"
55-->[:notifee_react-native] AndroidManifest.xml:13:13-68
56            android:authorities="com.landchat.notifee-init-provider"
56-->[:notifee_react-native] AndroidManifest.xml:14:13-73
57            android:exported="false"
57-->[:notifee_react-native] AndroidManifest.xml:15:13-37
58            android:initOrder="-100" /> <!-- Receiver Service -->
58-->[:notifee_react-native] AndroidManifest.xml:16:13-37
59        <service
59-->[notifee_core_release.aar] AndroidManifest.xml:21:9-23:40
60            android:name="app.notifee.core.ReceiverService"
60-->[notifee_core_release.aar] AndroidManifest.xml:22:13-60
61            android:exported="false" /> <!-- Foreground Service -->
61-->[notifee_core_release.aar] AndroidManifest.xml:23:13-37
62        <service
62-->[notifee_core_release.aar] AndroidManifest.xml:26:9-28:40
63            android:name="app.notifee.core.ForegroundService"
63-->[notifee_core_release.aar] AndroidManifest.xml:27:13-62
64            android:exported="false" /> <!-- Broadcast Receiver -->
64-->[notifee_core_release.aar] AndroidManifest.xml:28:13-37
65        <receiver
65-->[notifee_core_release.aar] AndroidManifest.xml:31:9-39:20
66            android:name="app.notifee.core.BlockStateBroadcastReceiver"
66-->[notifee_core_release.aar] AndroidManifest.xml:32:13-72
67            android:exported="false" >
67-->[notifee_core_release.aar] AndroidManifest.xml:33:13-37
68            <intent-filter>
68-->[notifee_core_release.aar] AndroidManifest.xml:34:13-38:29
69                <action android:name="android.app.action.APP_BLOCK_STATE_CHANGED" />
69-->[notifee_core_release.aar] AndroidManifest.xml:35:17-85
69-->[notifee_core_release.aar] AndroidManifest.xml:35:25-82
70                <action android:name="android.app.action.NOTIFICATION_CHANNEL_BLOCK_STATE_CHANGED" />
70-->[notifee_core_release.aar] AndroidManifest.xml:36:17-102
70-->[notifee_core_release.aar] AndroidManifest.xml:36:25-99
71                <action android:name="android.app.action.NOTIFICATION_CHANNEL_GROUP_BLOCK_STATE_CHANGED" />
71-->[notifee_core_release.aar] AndroidManifest.xml:37:17-108
71-->[notifee_core_release.aar] AndroidManifest.xml:37:25-105
72            </intent-filter>
73        </receiver>
74
75        <service
75-->[com.google.firebase:firebase-firestore:22.0.0] AndroidManifest.xml:17:9-23:19
76            android:name="com.google.firebase.components.ComponentDiscoveryService"
76-->[com.google.firebase:firebase-firestore:22.0.0] AndroidManifest.xml:18:13-84
77            android:directBootAware="true"
77-->[com.google.firebase:firebase-common:19.3.1] AndroidManifest.xml:35:13-43
78            android:exported="false" >
78-->[com.google.firebase:firebase-firestore:22.0.0] AndroidManifest.xml:19:13-37
79            <meta-data
79-->[com.google.firebase:firebase-firestore:22.0.0] AndroidManifest.xml:20:13-22:85
80                android:name="com.google.firebase.components:com.google.firebase.firestore.FirestoreRegistrar"
80-->[com.google.firebase:firebase-firestore:22.0.0] AndroidManifest.xml:21:17-111
81                android:value="com.google.firebase.components.ComponentRegistrar" />
81-->[com.google.firebase:firebase-firestore:22.0.0] AndroidManifest.xml:22:17-82
82            <meta-data
82-->[com.google.firebase:firebase-auth:20.0.0] AndroidManifest.xml:85:13-87:85
83                android:name="com.google.firebase.components:com.google.firebase.auth.FirebaseAuthRegistrar"
83-->[com.google.firebase:firebase-auth:20.0.0] AndroidManifest.xml:86:17-109
84                android:value="com.google.firebase.components.ComponentRegistrar" />
84-->[com.google.firebase:firebase-auth:20.0.0] AndroidManifest.xml:87:17-82
85            <meta-data
85-->[com.google.firebase:firebase-storage:19.2.0] AndroidManifest.xml:33:13-35:85
86                android:name="com.google.firebase.components:com.google.firebase.storage.StorageRegistrar"
86-->[com.google.firebase:firebase-storage:19.2.0] AndroidManifest.xml:34:17-107
87                android:value="com.google.firebase.components.ComponentRegistrar" />
87-->[com.google.firebase:firebase-storage:19.2.0] AndroidManifest.xml:35:17-82
88        </service>
89
90        <provider
90-->[androidx.work:work-runtime:2.4.0] AndroidManifest.xml:31:9-37:35
91            android:name="androidx.work.impl.WorkManagerInitializer"
91-->[androidx.work:work-runtime:2.4.0] AndroidManifest.xml:32:13-69
92            android:authorities="com.landchat.workmanager-init"
92-->[androidx.work:work-runtime:2.4.0] AndroidManifest.xml:33:13-68
93            android:directBootAware="false"
93-->[androidx.work:work-runtime:2.4.0] AndroidManifest.xml:34:13-44
94            android:exported="false"
94-->[androidx.work:work-runtime:2.4.0] AndroidManifest.xml:35:13-37
95            android:multiprocess="true" />
95-->[androidx.work:work-runtime:2.4.0] AndroidManifest.xml:36:13-40
96
97        <service
97-->[androidx.work:work-runtime:2.4.0] AndroidManifest.xml:39:9-44:35
98            android:name="androidx.work.impl.background.systemalarm.SystemAlarmService"
98-->[androidx.work:work-runtime:2.4.0] AndroidManifest.xml:40:13-88
99            android:directBootAware="false"
99-->[androidx.work:work-runtime:2.4.0] AndroidManifest.xml:41:13-44
100            android:enabled="@bool/enable_system_alarm_service_default"
100-->[androidx.work:work-runtime:2.4.0] AndroidManifest.xml:42:13-72
101            android:exported="false" />
101-->[androidx.work:work-runtime:2.4.0] AndroidManifest.xml:43:13-37
102        <service
102-->[androidx.work:work-runtime:2.4.0] AndroidManifest.xml:45:9-51:35
103            android:name="androidx.work.impl.background.systemjob.SystemJobService"
103-->[androidx.work:work-runtime:2.4.0] AndroidManifest.xml:46:13-84
104            android:directBootAware="false"
104-->[androidx.work:work-runtime:2.4.0] AndroidManifest.xml:47:13-44
105            android:enabled="@bool/enable_system_job_service_default"
105-->[androidx.work:work-runtime:2.4.0] AndroidManifest.xml:48:13-70
106            android:exported="true"
106-->[androidx.work:work-runtime:2.4.0] AndroidManifest.xml:49:13-36
107            android:permission="android.permission.BIND_JOB_SERVICE" />
107-->[androidx.work:work-runtime:2.4.0] AndroidManifest.xml:50:13-69
108        <service
108-->[androidx.work:work-runtime:2.4.0] AndroidManifest.xml:52:9-57:35
109            android:name="androidx.work.impl.foreground.SystemForegroundService"
109-->[androidx.work:work-runtime:2.4.0] AndroidManifest.xml:53:13-81
110            android:directBootAware="false"
110-->[androidx.work:work-runtime:2.4.0] AndroidManifest.xml:54:13-44
111            android:enabled="@bool/enable_system_foreground_service_default"
111-->[androidx.work:work-runtime:2.4.0] AndroidManifest.xml:55:13-77
112            android:exported="false" />
112-->[androidx.work:work-runtime:2.4.0] AndroidManifest.xml:56:13-37
113
114        <receiver
114-->[androidx.work:work-runtime:2.4.0] AndroidManifest.xml:59:9-64:35
115            android:name="androidx.work.impl.utils.ForceStopRunnable$BroadcastReceiver"
115-->[androidx.work:work-runtime:2.4.0] AndroidManifest.xml:60:13-88
116            android:directBootAware="false"
116-->[androidx.work:work-runtime:2.4.0] AndroidManifest.xml:61:13-44
117            android:enabled="true"
117-->[androidx.work:work-runtime:2.4.0] AndroidManifest.xml:62:13-35
118            android:exported="false" />
118-->[androidx.work:work-runtime:2.4.0] AndroidManifest.xml:63:13-37
119        <receiver
119-->[androidx.work:work-runtime:2.4.0] AndroidManifest.xml:65:9-75:20
120            android:name="androidx.work.impl.background.systemalarm.ConstraintProxy$BatteryChargingProxy"
120-->[androidx.work:work-runtime:2.4.0] AndroidManifest.xml:66:13-106
121            android:directBootAware="false"
121-->[androidx.work:work-runtime:2.4.0] AndroidManifest.xml:67:13-44
122            android:enabled="false"
122-->[androidx.work:work-runtime:2.4.0] AndroidManifest.xml:68:13-36
123            android:exported="false" >
123-->[androidx.work:work-runtime:2.4.0] AndroidManifest.xml:69:13-37
124            <intent-filter>
124-->[androidx.work:work-runtime:2.4.0] AndroidManifest.xml:71:13-74:29
125                <action android:name="android.intent.action.ACTION_POWER_CONNECTED" />
125-->[androidx.work:work-runtime:2.4.0] AndroidManifest.xml:72:17-87
125-->[androidx.work:work-runtime:2.4.0] AndroidManifest.xml:72:25-84
126                <action android:name="android.intent.action.ACTION_POWER_DISCONNECTED" />
126-->[androidx.work:work-runtime:2.4.0] AndroidManifest.xml:73:17-90
126-->[androidx.work:work-runtime:2.4.0] AndroidManifest.xml:73:25-87
127            </intent-filter>
128        </receiver>
129        <receiver
129-->[androidx.work:work-runtime:2.4.0] AndroidManifest.xml:76:9-86:20
130            android:name="androidx.work.impl.background.systemalarm.ConstraintProxy$BatteryNotLowProxy"
130-->[androidx.work:work-runtime:2.4.0] AndroidManifest.xml:77:13-104
131            android:directBootAware="false"
131-->[androidx.work:work-runtime:2.4.0] AndroidManifest.xml:78:13-44
132            android:enabled="false"
132-->[androidx.work:work-runtime:2.4.0] AndroidManifest.xml:79:13-36
133            android:exported="false" >
133-->[androidx.work:work-runtime:2.4.0] AndroidManifest.xml:80:13-37
134            <intent-filter>
134-->[androidx.work:work-runtime:2.4.0] AndroidManifest.xml:82:13-85:29
135                <action android:name="android.intent.action.BATTERY_OKAY" />
135-->[androidx.work:work-runtime:2.4.0] AndroidManifest.xml:83:17-77
135-->[androidx.work:work-runtime:2.4.0] AndroidManifest.xml:83:25-74
136                <action android:name="android.intent.action.BATTERY_LOW" />
136-->[androidx.work:work-runtime:2.4.0] AndroidManifest.xml:84:17-76
136-->[androidx.work:work-runtime:2.4.0] AndroidManifest.xml:84:25-73
137            </intent-filter>
138        </receiver>
139        <receiver
139-->[androidx.work:work-runtime:2.4.0] AndroidManifest.xml:87:9-97:20
140            android:name="androidx.work.impl.background.systemalarm.ConstraintProxy$StorageNotLowProxy"
140-->[androidx.work:work-runtime:2.4.0] AndroidManifest.xml:88:13-104
141            android:directBootAware="false"
141-->[androidx.work:work-runtime:2.4.0] AndroidManifest.xml:89:13-44
142            android:enabled="false"
142-->[androidx.work:work-runtime:2.4.0] AndroidManifest.xml:90:13-36
143            android:exported="false" >
143-->[androidx.work:work-runtime:2.4.0] AndroidManifest.xml:91:13-37
144            <intent-filter>
144-->[androidx.work:work-runtime:2.4.0] AndroidManifest.xml:93:13-96:29
145                <action android:name="android.intent.action.DEVICE_STORAGE_LOW" />
145-->[androidx.work:work-runtime:2.4.0] AndroidManifest.xml:94:17-83
145-->[androidx.work:work-runtime:2.4.0] AndroidManifest.xml:94:25-80
146                <action android:name="android.intent.action.DEVICE_STORAGE_OK" />
146-->[androidx.work:work-runtime:2.4.0] AndroidManifest.xml:95:17-82
146-->[androidx.work:work-runtime:2.4.0] AndroidManifest.xml:95:25-79
147            </intent-filter>
148        </receiver>
149        <receiver
149-->[androidx.work:work-runtime:2.4.0] AndroidManifest.xml:98:9-107:20
150            android:name="androidx.work.impl.background.systemalarm.ConstraintProxy$NetworkStateProxy"
150-->[androidx.work:work-runtime:2.4.0] AndroidManifest.xml:99:13-103
151            android:directBootAware="false"
151-->[androidx.work:work-runtime:2.4.0] AndroidManifest.xml:100:13-44
152            android:enabled="false"
152-->[androidx.work:work-runtime:2.4.0] AndroidManifest.xml:101:13-36
153            android:exported="false" >
153-->[androidx.work:work-runtime:2.4.0] AndroidManifest.xml:102:13-37
154            <intent-filter>
154-->[androidx.work:work-runtime:2.4.0] AndroidManifest.xml:104:13-106:29
155                <action android:name="android.net.conn.CONNECTIVITY_CHANGE" />
155-->[androidx.work:work-runtime:2.4.0] AndroidManifest.xml:105:17-79
155-->[androidx.work:work-runtime:2.4.0] AndroidManifest.xml:105:25-76
156            </intent-filter>
157        </receiver>
158        <receiver
158-->[androidx.work:work-runtime:2.4.0] AndroidManifest.xml:108:9-119:20
159            android:name="androidx.work.impl.background.systemalarm.RescheduleReceiver"
159-->[androidx.work:work-runtime:2.4.0] AndroidManifest.xml:109:13-88
160            android:directBootAware="false"
160-->[androidx.work:work-runtime:2.4.0] AndroidManifest.xml:110:13-44
161            android:enabled="false"
161-->[androidx.work:work-runtime:2.4.0] AndroidManifest.xml:111:13-36
162            android:exported="false" >
162-->[androidx.work:work-runtime:2.4.0] AndroidManifest.xml:112:13-37
163            <intent-filter>
163-->[androidx.work:work-runtime:2.4.0] AndroidManifest.xml:114:13-118:29
164                <action android:name="android.intent.action.BOOT_COMPLETED" />
164-->[androidx.work:work-runtime:2.4.0] AndroidManifest.xml:115:17-79
164-->[androidx.work:work-runtime:2.4.0] AndroidManifest.xml:115:25-76
165                <action android:name="android.intent.action.TIME_SET" />
165-->[androidx.work:work-runtime:2.4.0] AndroidManifest.xml:116:17-73
165-->[androidx.work:work-runtime:2.4.0] AndroidManifest.xml:116:25-70
166                <action android:name="android.intent.action.TIMEZONE_CHANGED" />
166-->[androidx.work:work-runtime:2.4.0] AndroidManifest.xml:117:17-81
166-->[androidx.work:work-runtime:2.4.0] AndroidManifest.xml:117:25-78
167            </intent-filter>
168        </receiver>
169        <receiver
169-->[androidx.work:work-runtime:2.4.0] AndroidManifest.xml:120:9-129:20
170            android:name="androidx.work.impl.background.systemalarm.ConstraintProxyUpdateReceiver"
170-->[androidx.work:work-runtime:2.4.0] AndroidManifest.xml:121:13-99
171            android:directBootAware="false"
171-->[androidx.work:work-runtime:2.4.0] AndroidManifest.xml:122:13-44
172            android:enabled="@bool/enable_system_alarm_service_default"
172-->[androidx.work:work-runtime:2.4.0] AndroidManifest.xml:123:13-72
173            android:exported="false" >
173-->[androidx.work:work-runtime:2.4.0] AndroidManifest.xml:124:13-37
174            <intent-filter>
174-->[androidx.work:work-runtime:2.4.0] AndroidManifest.xml:126:13-128:29
175                <action android:name="androidx.work.impl.background.systemalarm.UpdateProxies" />
175-->[androidx.work:work-runtime:2.4.0] AndroidManifest.xml:127:17-98
175-->[androidx.work:work-runtime:2.4.0] AndroidManifest.xml:127:25-95
176            </intent-filter>
177        </receiver>
178        <receiver
178-->[androidx.work:work-runtime:2.4.0] AndroidManifest.xml:130:9-140:20
179            android:name="androidx.work.impl.diagnostics.DiagnosticsReceiver"
179-->[androidx.work:work-runtime:2.4.0] AndroidManifest.xml:131:13-78
180            android:directBootAware="false"
180-->[androidx.work:work-runtime:2.4.0] AndroidManifest.xml:132:13-44
181            android:enabled="true"
181-->[androidx.work:work-runtime:2.4.0] AndroidManifest.xml:133:13-35
182            android:exported="true"
182-->[androidx.work:work-runtime:2.4.0] AndroidManifest.xml:134:13-36
183            android:permission="android.permission.DUMP" >
183-->[androidx.work:work-runtime:2.4.0] AndroidManifest.xml:135:13-57
184            <intent-filter>
184-->[androidx.work:work-runtime:2.4.0] AndroidManifest.xml:137:13-139:29
185                <action android:name="androidx.work.diagnostics.REQUEST_DIAGNOSTICS" />
185-->[androidx.work:work-runtime:2.4.0] AndroidManifest.xml:138:17-88
185-->[androidx.work:work-runtime:2.4.0] AndroidManifest.xml:138:25-85
186            </intent-filter>
187        </receiver>
188
189        <activity
189-->[com.google.android.gms:play-services-auth:18.1.0] AndroidManifest.xml:23:9-27:75
190            android:name="com.google.android.gms.auth.api.signin.internal.SignInHubActivity"
190-->[com.google.android.gms:play-services-auth:18.1.0] AndroidManifest.xml:24:13-93
191            android:excludeFromRecents="true"
191-->[com.google.android.gms:play-services-auth:18.1.0] AndroidManifest.xml:25:13-46
192            android:exported="false"
192-->[com.google.android.gms:play-services-auth:18.1.0] AndroidManifest.xml:26:13-37
193            android:theme="@android:style/Theme.Translucent.NoTitleBar" />
193-->[com.google.android.gms:play-services-auth:18.1.0] AndroidManifest.xml:27:13-72
194        <!--
195            Service handling Google Sign-In user revocation. For apps that do not integrate with
196            Google Sign-In, this service will never be started.
197        -->
198        <service
198-->[com.google.android.gms:play-services-auth:18.1.0] AndroidManifest.xml:33:9-37:51
199            android:name="com.google.android.gms.auth.api.signin.RevocationBoundService"
199-->[com.google.android.gms:play-services-auth:18.1.0] AndroidManifest.xml:34:13-89
200            android:exported="true"
200-->[com.google.android.gms:play-services-auth:18.1.0] AndroidManifest.xml:35:13-36
201            android:permission="com.google.android.gms.auth.api.signin.permission.REVOCATION_NOTIFICATION"
201-->[com.google.android.gms:play-services-auth:18.1.0] AndroidManifest.xml:36:13-107
202            android:visibleToInstantApps="true" />
202-->[com.google.android.gms:play-services-auth:18.1.0] AndroidManifest.xml:37:13-48
203
204        <activity
204-->[com.google.firebase:firebase-auth:20.0.0] AndroidManifest.xml:27:9-34:50
205            android:name="com.google.firebase.auth.internal.FederatedSignInActivity"
205-->[com.google.firebase:firebase-auth:20.0.0] AndroidManifest.xml:28:13-85
206            android:excludeFromRecents="true"
206-->[com.google.firebase:firebase-auth:20.0.0] AndroidManifest.xml:29:13-46
207            android:exported="true"
207-->[com.google.firebase:firebase-auth:20.0.0] AndroidManifest.xml:30:13-36
208            android:launchMode="singleTask"
208-->[com.google.firebase:firebase-auth:20.0.0] AndroidManifest.xml:31:13-44
209            android:permission="com.google.firebase.auth.api.gms.permission.LAUNCH_FEDERATED_SIGN_IN"
209-->[com.google.firebase:firebase-auth:20.0.0] AndroidManifest.xml:32:13-102
210            android:theme="@android:style/Theme.Translucent.NoTitleBar" />
210-->[com.google.firebase:firebase-auth:20.0.0] AndroidManifest.xml:33:13-72
211        <activity
211-->[com.google.firebase:firebase-auth:20.0.0] AndroidManifest.xml:35:9-52:20
212            android:name="com.google.firebase.auth.internal.GenericIdpActivity"
212-->[com.google.firebase:firebase-auth:20.0.0] AndroidManifest.xml:36:13-80
213            android:excludeFromRecents="true"
213-->[com.google.firebase:firebase-auth:20.0.0] AndroidManifest.xml:37:13-46
214            android:exported="true"
214-->[com.google.firebase:firebase-auth:20.0.0] AndroidManifest.xml:38:13-36
215            android:launchMode="singleTask"
215-->[com.google.firebase:firebase-auth:20.0.0] AndroidManifest.xml:39:13-44
216            android:theme="@android:style/Theme.Translucent.NoTitleBar" >
216-->[com.google.firebase:firebase-auth:20.0.0] AndroidManifest.xml:40:13-72
217            <intent-filter>
217-->[com.google.firebase:firebase-auth:20.0.0] AndroidManifest.xml:41:13-51:29
218                <action android:name="android.intent.action.VIEW" />
218-->[com.google.firebase:firebase-auth:20.0.0] AndroidManifest.xml:42:17-69
218-->[com.google.firebase:firebase-auth:20.0.0] AndroidManifest.xml:42:25-66
219
220                <category android:name="android.intent.category.DEFAULT" />
220-->[com.google.firebase:firebase-auth:20.0.0] AndroidManifest.xml:44:17-76
220-->[com.google.firebase:firebase-auth:20.0.0] AndroidManifest.xml:44:27-73
221                <category android:name="android.intent.category.BROWSABLE" />
221-->[com.google.firebase:firebase-auth:20.0.0] AndroidManifest.xml:45:17-78
221-->[com.google.firebase:firebase-auth:20.0.0] AndroidManifest.xml:45:27-75
222
223                <data
223-->[com.google.firebase:firebase-auth:20.0.0] AndroidManifest.xml:47:17-50:51
224                    android:host="firebase.auth"
224-->[com.google.firebase:firebase-auth:20.0.0] AndroidManifest.xml:48:21-49
225                    android:path="/"
225-->[com.google.firebase:firebase-auth:20.0.0] AndroidManifest.xml:49:21-37
226                    android:scheme="genericidp" />
226-->[com.google.firebase:firebase-auth:20.0.0] AndroidManifest.xml:50:21-48
227            </intent-filter>
228        </activity>
229        <activity
229-->[com.google.firebase:firebase-auth:20.0.0] AndroidManifest.xml:53:9-70:20
230            android:name="com.google.firebase.auth.internal.RecaptchaActivity"
230-->[com.google.firebase:firebase-auth:20.0.0] AndroidManifest.xml:54:13-79
231            android:excludeFromRecents="true"
231-->[com.google.firebase:firebase-auth:20.0.0] AndroidManifest.xml:55:13-46
232            android:exported="true"
232-->[com.google.firebase:firebase-auth:20.0.0] AndroidManifest.xml:56:13-36
233            android:launchMode="singleTask"
233-->[com.google.firebase:firebase-auth:20.0.0] AndroidManifest.xml:57:13-44
234            android:theme="@android:style/Theme.Translucent.NoTitleBar" >
234-->[com.google.firebase:firebase-auth:20.0.0] AndroidManifest.xml:58:13-72
235            <intent-filter>
235-->[com.google.firebase:firebase-auth:20.0.0] AndroidManifest.xml:59:13-69:29
236                <action android:name="android.intent.action.VIEW" />
236-->[com.google.firebase:firebase-auth:20.0.0] AndroidManifest.xml:42:17-69
236-->[com.google.firebase:firebase-auth:20.0.0] AndroidManifest.xml:42:25-66
237
238                <category android:name="android.intent.category.DEFAULT" />
238-->[com.google.firebase:firebase-auth:20.0.0] AndroidManifest.xml:44:17-76
238-->[com.google.firebase:firebase-auth:20.0.0] AndroidManifest.xml:44:27-73
239                <category android:name="android.intent.category.BROWSABLE" />
239-->[com.google.firebase:firebase-auth:20.0.0] AndroidManifest.xml:45:17-78
239-->[com.google.firebase:firebase-auth:20.0.0] AndroidManifest.xml:45:27-75
240
241                <data
241-->[com.google.firebase:firebase-auth:20.0.0] AndroidManifest.xml:47:17-50:51
242                    android:host="firebase.auth"
242-->[com.google.firebase:firebase-auth:20.0.0] AndroidManifest.xml:48:21-49
243                    android:path="/"
243-->[com.google.firebase:firebase-auth:20.0.0] AndroidManifest.xml:49:21-37
244                    android:scheme="recaptcha" />
244-->[com.google.firebase:firebase-auth:20.0.0] AndroidManifest.xml:50:21-48
245            </intent-filter>
246        </activity>
247
248        <service
248-->[com.google.firebase:firebase-auth:20.0.0] AndroidManifest.xml:72:9-81:19
249            android:name="com.google.firebase.auth.api.fallback.service.FirebaseAuthFallbackService"
249-->[com.google.firebase:firebase-auth:20.0.0] AndroidManifest.xml:73:13-101
250            android:enabled="true"
250-->[com.google.firebase:firebase-auth:20.0.0] AndroidManifest.xml:74:13-35
251            android:exported="false" >
251-->[com.google.firebase:firebase-auth:20.0.0] AndroidManifest.xml:75:13-37
252            <intent-filter>
252-->[com.google.firebase:firebase-auth:20.0.0] AndroidManifest.xml:76:13-80:29
253                <action android:name="com.google.firebase.auth.api.gms.service.START" />
253-->[com.google.firebase:firebase-auth:20.0.0] AndroidManifest.xml:77:17-89
253-->[com.google.firebase:firebase-auth:20.0.0] AndroidManifest.xml:77:25-86
254
255                <category android:name="android.intent.category.DEFAULT" />
255-->[com.google.firebase:firebase-auth:20.0.0] AndroidManifest.xml:44:17-76
255-->[com.google.firebase:firebase-auth:20.0.0] AndroidManifest.xml:44:27-73
256            </intent-filter>
257        </service>
258
259        <provider
259-->[com.google.firebase:firebase-common:19.3.1] AndroidManifest.xml:26:9-31:39
260            android:name="com.google.firebase.provider.FirebaseInitProvider"
260-->[com.google.firebase:firebase-common:19.3.1] AndroidManifest.xml:27:13-77
261            android:authorities="com.landchat.firebaseinitprovider"
261-->[com.google.firebase:firebase-common:19.3.1] AndroidManifest.xml:28:13-72
262            android:directBootAware="true"
262-->[com.google.firebase:firebase-common:19.3.1] AndroidManifest.xml:29:13-43
263            android:exported="false"
263-->[com.google.firebase:firebase-common:19.3.1] AndroidManifest.xml:30:13-37
264            android:initOrder="100" />